C:\USERS\WALIED\DOCUMENTS\VISUAL STUDIO 2012\PROJECTS\POC_NTCREATEENCLAVE_SGX\POC_NTCREATEENCLAVE_SGX\X64\RELEASE\POC_NTCREATEENCLAVE_SGX.PCH
C:\USERS\WALIED\DOCUMENTS\VISUAL STUDIO 2012\PROJECTS\POC_NTCREATEENCLAVE_SGX\POC_NTCREATEENCLAVE_SGX\X64\RELEASE\STDAFX.OBJ
C:\USERS\WALIED\DOCUMENTS\VISUAL STUDIO 2012\PROJECTS\POC_NTCREATEENCLAVE_SGX\POC_NTCREATEENCLAVE_SGX\X64\RELEASE\VC110.PDB
C:\USERS\WALIED\DOCUMENTS\VISUAL STUDIO 2012\PROJECTS\POC_NTCREATEENCLAVE_SGX\POC_NTCREATEENCLAVE_SGX\X64\RELEASE\POC_NTCREATEENCLAVE_SGX.OBJ
C:\USERS\WALIED\DOCUMENTS\VISUAL STUDIO 2012\PROJECTS\POC_NTCREATEENCLAVE_SGX\X64\RELEASE\POC_NTCREATEENCLAVE_SGX.EXE
C:\USERS\WALIED\DOCUMENTS\VISUAL STUDIO 2012\PROJECTS\POC_NTCREATEENCLAVE_SGX\X64\RELEASE\POC_NTCREATEENCLAVE_SGX.PDB
c:\Users\walied\Documents\Visual Studio 2012\Projects\POC_NtCreateEnclave_SGX\POC_NtCreateEnclave_SGX\x64\Release\POC_NtCreateEnclave_SGX.obj
c:\Users\walied\Documents\Visual Studio 2012\Projects\POC_NtCreateEnclave_SGX\POC_NtCreateEnclave_SGX\x64\Release\stdafx.obj
c:\Users\walied\Documents\Visual Studio 2012\Projects\POC_NtCreateEnclave_SGX\POC_NtCreateEnclave_SGX\x64\Release\cl.command.1.tlog
c:\Users\walied\Documents\Visual Studio 2012\Projects\POC_NtCreateEnclave_SGX\POC_NtCreateEnclave_SGX\x64\Release\CL.read.1.tlog
c:\Users\walied\Documents\Visual Studio 2012\Projects\POC_NtCreateEnclave_SGX\POC_NtCreateEnclave_SGX\x64\Release\CL.write.1.tlog
c:\Users\walied\Documents\Visual Studio 2012\Projects\POC_NtCreateEnclave_SGX\POC_NtCreateEnclave_SGX\x64\Release\link-cvtres.read.1.tlog
c:\Users\walied\Documents\Visual Studio 2012\Projects\POC_NtCreateEnclave_SGX\POC_NtCreateEnclave_SGX\x64\Release\link-cvtres.write.1.tlog
c:\Users\walied\Documents\Visual Studio 2012\Projects\POC_NtCreateEnclave_SGX\POC_NtCreateEnclave_SGX\x64\Release\link-rc.read.1.tlog
c:\Users\walied\Documents\Visual Studio 2012\Projects\POC_NtCreateEnclave_SGX\POC_NtCreateEnclave_SGX\x64\Release\link-rc.write.1.tlog
c:\Users\walied\Documents\Visual Studio 2012\Projects\POC_NtCreateEnclave_SGX\POC_NtCreateEnclave_SGX\x64\Release\link.command.1.tlog
c:\Users\walied\Documents\Visual Studio 2012\Projects\POC_NtCreateEnclave_SGX\POC_NtCreateEnclave_SGX\x64\Release\link.read.1.tlog
c:\Users\walied\Documents\Visual Studio 2012\Projects\POC_NtCreateEnclave_SGX\POC_NtCreateEnclave_SGX\x64\Release\link.write.1.tlog
c:\Users\walied\Documents\Visual Studio 2012\Projects\POC_NtCreateEnclave_SGX\POC_NtCreateEnclave_SGX\x64\Release\POC_NtCreateEnclave_SGX.pch
c:\Users\walied\Documents\Visual Studio 2012\Projects\POC_NtCreateEnclave_SGX\POC_NtCreateEnclave_SGX\x64\Release\vc110.pdb
c:\Users\walied\Documents\Visual Studio 2012\Projects\POC_NtCreateEnclave_SGX\x64\Release\POC_NtCreateEnclave_SGX.pdb
c:\Users\walied\Documents\Visual Studio 2012\Projects\POC_NtCreateEnclave_SGX\x64\Release\POC_NtCreateEnclave_SGX.exe
